<?xml version="1.0" encoding="UTF-8"?>
<testng-results skipped="0" failed="0" total="1" passed="1">
  <reporter-output>
  </reporter-output>
  <suite name="Default suite" duration-ms="7300" started-at="2015-09-10T19:22:29Z" finished-at="2015-09-10T19:22:36Z">
    <groups>
    </groups>
    <test name="Default test" duration-ms="7300" started-at="2015-09-10T19:22:29Z" finished-at="2015-09-10T19:22:36Z">
      <class name="com.ebay.appium.tests.AndroidSearchTest">
        <test-method status="PASS" signature="setUp()[pri:0, instance:com.ebay.appium.tests.AndroidSearchTest@4ba66ed5]" name="setUp" is-config="true" duration-ms="30490" started-at="2015-09-11T00:51:58Z" finished-at="2015-09-11T00:52:29Z">
          <reporter-output>
          </reporter-output>
        </test-method> <!-- setUp -->
        <test-method status="PASS" signature="beforeClass()[pri:0, instance:com.ebay.appium.tests.AndroidSearchTest@4ba66ed5]" name="beforeClass" is-config="true" duration-ms="389" started-at="2015-09-11T00:52:29Z" finished-at="2015-09-11T00:52:29Z">
          <reporter-output>
          </reporter-output>
        </test-method> <!-- beforeClass -->
        <test-method status="PASS" signature="goToSignInPage()[pri:0, instance:com.ebay.appium.tests.AndroidSearchTest@4ba66ed5]" name="goToSignInPage" duration-ms="6896" started-at="2015-09-11T00:52:29Z" finished-at="2015-09-11T00:52:36Z">
          <reporter-output>
          </reporter-output>
        </test-method> <!-- goToSignInPage -->
      </class> <!-- com.ebay.appium.tests.AndroidSearchTest -->
    </test> <!-- Default test -->
  </suite> <!-- Default suite -->
</testng-results>
